<?xml version="1.0" encoding="UTF-8"?>
<!-- Generated by org.testng.reporters.JUnitReportReporter -->
<testsuite skipped="0" hostname="SELENIAPPHHPRD1" name="edw.edw.pagelets.ProfileTest" tests="4" failures="0" timestamp="30 Jan 2019 17:47:29 GMT" time="61.562" errors="0">
  <testcase name="profileTest" time="15.563" classname="edw.edw.pagelets.ProfileTest"/>
  <testcase name="profileTest" time="16.030" classname="edw.edw.pagelets.ProfileTest"/>
  <testcase name="profileTest" time="14.641" classname="edw.edw.pagelets.ProfileTest"/>
  <testcase name="profileTest" time="15.328" classname="edw.edw.pagelets.ProfileTest"/>
</testsuite> <!-- edw.edw.pagelets.ProfileTest -->
