<?xml version="1.0" encoding="UTF-8"?>
<!-- Generated by org.testng.reporters.JUnitReportReporter -->
<testsuite skipped="0" hostname="AMANGARG-LW9654" name="edw.edw.virtualCare.EvisitTest" tests="5" failures="0" timestamp="14 Jun 2019 09:53:33 GMT" time="154.689" errors="0">
  <testcase name="eVisitTest" time="18.607" classname="edw.edw.virtualCare.EvisitTest"/>
  <testcase name="eVisitTest" time="14.509" classname="edw.edw.virtualCare.EvisitTest"/>
  <testcase name="eVisitTest" time="18.248" classname="edw.edw.virtualCare.EvisitTest"/>
  <testcase name="eVisitTest" time="85.456" classname="edw.edw.virtualCare.EvisitTest"/>
  <testcase name="eVisitTest" time="17.869" classname="edw.edw.virtualCare.EvisitTest"/>
</testsuite> <!-- edw.edw.virtualCare.EvisitTest -->
