<?xml version="1.0" encoding="UTF-8"?>
<!-- Generated by org.testng.reporters.JUnitReportReporter -->
<testsuite skipped="0" hostname="AMANGARG-LW9654" name="edw.edw.pagelets.AccountPreferenceTest" tests="5" failures="0" timestamp="16 Jun 2019 21:53:32 GMT" time="45.178" errors="0">
  <testcase name="accountPreferenceTest" time="8.600" classname="edw.edw.pagelets.AccountPreferenceTest"/>
  <testcase name="accountPreferenceTest" time="9.034" classname="edw.edw.pagelets.AccountPreferenceTest"/>
  <testcase name="accountPreferenceTest" time="8.653" classname="edw.edw.pagelets.AccountPreferenceTest"/>
  <testcase name="accountPreferenceTest" time="10.232" classname="edw.edw.pagelets.AccountPreferenceTest"/>
  <testcase name="accountPreferenceTest" time="8.659" classname="edw.edw.pagelets.AccountPreferenceTest"/>
</testsuite> <!-- edw.edw.pagelets.AccountPreferenceTest -->
