<?xml version="1.0" encoding="UTF-8"?>
<!-- Generated by org.testng.reporters.JUnitReportReporter -->
<testsuite skipped="0" hostname="sys-PC" name="edw.edw.pagelets.AccountPreferenceTest" tests="1" failures="0" timestamp="2020-02-17T10:16:43 IST" time="0.034" errors="1">
  <testcase name="accountPreferenceTest" time="0.034" classname="edw.edw.pagelets.AccountPreferenceTest">
    <error type="org.testng.internal.reflect.MethodMatcherException" message="
[public void edw.edw.pagelets.AccountPreferenceTest.accountPreferenceTest(java.lang.String,java.lang.String,java.lang.String,java.lang.String,java.lang.String,java.lang.String) throws java.lang.Exception] has no parameters defined but was found to be using a data provider (either explicitly specified or inherited from class level annotation).
Data provider mismatch
Method: accountPreferenceTest([Parameter{index=0, type=java.lang.String, declaredAnnotations=[]}, Parameter{index=1, type=java.lang.String, declaredAnnotations=[]}, Parameter{index=2, type=java.lang.String, declaredAnnotations=[]}, Parameter{index=3, type=java.lang.String, declaredAnnotations=[]}, Parameter{index=4, type=java.lang.String, declaredAnnotations=[]}, Parameter{index=5, type=java.lang.String, declaredAnnotations=[]}])
Arguments: [(java.lang.String) DemoSalesManager,(java.lang.String) crmsfa,(java.lang.String) TCS,(java.lang.String) Rajesh1,(java.lang.String) R,(java.lang.String) Rajesh1,(java.lang.String) R,(java.lang.String) Cold,(java.lang.String) TestLeafCustomerExample,(java.lang.String) Finance,(java.lang.String) ,(java.lang.String) ,(java.lang.String) ,(java.lang.String) @#,(java.lang.String) All the employees are asked to atend the meeting without fail,(java.lang.String) Every one should attend without fail,(java.lang.String) ,(java.lang.String) ,(java.lang.String) ,(java.lang.String) Rajendhran,(java.lang.String) r1ajesh.r@gmail.com,(java.lang.String) http://,(java.lang.String) Rajesh1,(java.lang.String) Nirmal,(java.lang.String) 24/A,(java.lang.String) 4th street, Guindy,(java.lang.String) Chennai,(java.lang.String) ]">
      <![CDATA[org.testng.internal.reflect.MethodMatcherException: 
[public void edw.edw.pagelets.AccountPreferenceTest.accountPreferenceTest(java.lang.String,java.lang.String,java.lang.String,java.lang.String,java.lang.String,java.lang.String) throws java.lang.Exception] has no parameters defined but was found to be using a data provider (either explicitly specified or inherited from class level annotation).
Data provider mismatch
Method: accountPreferenceTest([Parameter{index=0, type=java.lang.String, declaredAnnotations=[]}, Parameter{index=1, type=java.lang.String, declaredAnnotations=[]}, Parameter{index=2, type=java.lang.String, declaredAnnotations=[]}, Parameter{index=3, type=java.lang.String, declaredAnnotations=[]}, Parameter{index=4, type=java.lang.String, declaredAnnotations=[]}, Parameter{index=5, type=java.lang.String, declaredAnnotations=[]}])
Arguments: [(java.lang.String) DemoSalesManager,(java.lang.String) crmsfa,(java.lang.String) TCS,(java.lang.String) Rajesh1,(java.lang.String) R,(java.lang.String) Rajesh1,(java.lang.String) R,(java.lang.String) Cold,(java.lang.String) TestLeafCustomerExample,(java.lang.String) Finance,(java.lang.String) ,(java.lang.String) ,(java.lang.String) ,(java.lang.String) @#,(java.lang.String) All the employees are asked to atend the meeting without fail,(java.lang.String) Every one should attend without fail,(java.lang.String) ,(java.lang.String) ,(java.lang.String) ,(java.lang.String) Rajendhran,(java.lang.String) r1ajesh.r@gmail.com,(java.lang.String) http://,(java.lang.String) Rajesh1,(java.lang.String) Nirmal,(java.lang.String) 24/A,(java.lang.String) 4th street, Guindy,(java.lang.String) Chennai,(java.lang.String) ]
at org.testng.internal.reflect.DataProviderMethodMatcher.getConformingArguments(DataProviderMethodMatcher.java:43)
at org.testng.internal.Parameters.injectParameters(Parameters.java:925)
at org.testng.internal.MethodRunner.runInSequence(MethodRunner.java:34)
at org.testng.internal.TestInvoker$MethodInvocationAgent.invoke(TestInvoker.java:804)
at org.testng.internal.TestInvoker.invokeTestMethods(TestInvoker.java:145)
at org.testng.internal.TestMethodWorker.invokeTestMethods(TestMethodWorker.java:146)
at org.testng.internal.TestMethodWorker.run(TestMethodWorker.java:128)
at java.util.concurrent.ThreadPoolExecutor.runWorker(Unknown Source)
at java.util.concurrent.ThreadPoolExecutor$Worker.run(Unknown Source)
at java.lang.Thread.run(Unknown Source)
]]>
    </error>
  </testcase> <!-- accountPreferenceTest -->
</testsuite> <!-- edw.edw.pagelets.AccountPreferenceTest -->
