<?xml version="1.0" encoding="UTF-8"?>
<!-- Generated by org.testng.reporters.JUnitReportReporter -->
<testsuite skipped="0" hostname="AMANGARG-LW9654" name="edw.edw.pagelets.ProfileOverviewTest" tests="5" failures="0" timestamp="14 Jun 2019 12:16:30 GMT" time="275.192" errors="0">
  <testcase name="profileOverviewTest" time="51.673" classname="edw.edw.pagelets.ProfileOverviewTest"/>
  <testcase name="profileOverviewTest" time="53.186" classname="edw.edw.pagelets.ProfileOverviewTest"/>
  <testcase name="profileOverviewTest" time="57.409" classname="edw.edw.pagelets.ProfileOverviewTest"/>
  <testcase name="profileOverviewTest" time="60.340" classname="edw.edw.pagelets.ProfileOverviewTest"/>
  <testcase name="profileOverviewTest" time="52.584" classname="edw.edw.pagelets.ProfileOverviewTest"/>
</testsuite> <!-- edw.edw.pagelets.ProfileOverviewTest -->
